[ 2018-03-26T10:37:58+08:00 ] 192.168.1.241 /Sticker_3.2/index.php/Admin/Forger/sendMail
INFO: [ app_begin ] --START--
INFO: Run Behavior\ReadHtmlCacheBehavior [ RunTime:0.000000s ]
INFO: Run Behavior\CheckLangBehavior [ RunTime:0.000000s ]
INFO: [ app_begin ] --END-- [ RunTime:0.000000s ]
SQL: SHOW COLUMNS FROM `users` [ RunTime:0.0330s ]
NOTIC: [8] Undefined index: validate F:\phpstudy\WWW\Sticker_3.2\ThinkPHP\Library\Think\Model.class.php 第 1185 行.

[ 2018-03-26T10:40:49+08:00 ] 192.168.1.241 /Sticker_3.2/index.php/Admin/Forger/sendMail
INFO: [ app_begin ] --START--
INFO: Run Behavior\ReadHtmlCacheBehavior [ RunTime:0.001000s ]
INFO: Run Behavior\CheckLangBehavior [ RunTime:0.000000s ]
INFO: [ app_begin ] --END-- [ RunTime:0.001000s ]
SQL: SHOW COLUMNS FROM `users` [ RunTime:0.0060s ]
NOTIC: [8] Undefined index: validate F:\phpstudy\WWW\Sticker_3.2\ThinkPHP\Library\Think\Model.class.php 第 1185 行.

[ 2018-03-26T10:42:14+08:00 ] 192.168.1.241 /Sticker_3.2/index.php/Admin/Forger/sendMail
INFO: [ app_begin ] --START--
INFO: Run Behavior\ReadHtmlCacheBehavior [ RunTime:0.001001s ]
INFO: Run Behavior\CheckLangBehavior [ RunTime:0.000000s ]
INFO: [ app_begin ] --END-- [ RunTime:0.001001s ]
SQL: SHOW COLUMNS FROM `users` [ RunTime:0.0060s ]
NOTIC: [8] Undefined index: validate F:\phpstudy\WWW\Sticker_3.2\ThinkPHP\Library\Think\Model.class.php 第 1185 行.
NOTIC: [8] Undefined index: auto F:\phpstudy\WWW\Sticker_3.2\ThinkPHP\Library\Think\Model.class.php 第 1128 行.
NOTIC: [2] call_user_func_array() expects parameter 1 to be a valid callback, function 'rand_int(4)' not found or invalid function name F:\phpstudy\WWW\Sticker_3.2\ThinkPHP\Library\Think\Model.class.php 第 1154 行.
SQL: SELECT `userid`,`username`,`nickname`,`email` FROM `users` WHERE `username` = 'admin' LIMIT 1   [ RunTime:0.0120s ]

[ 2018-03-26T10:47:58+08:00 ] 192.168.1.241 /Sticker_3.2/index.php/Admin/Forger/sendMail
INFO: [ app_begin ] --START--
INFO: Run Behavior\ReadHtmlCacheBehavior [ RunTime:0.001000s ]
INFO: Run Behavior\CheckLangBehavior [ RunTime:0.000000s ]
INFO: [ app_begin ] --END-- [ RunTime:0.001000s ]
SQL: SHOW COLUMNS FROM `users` [ RunTime:0.0090s ]
NOTIC: [8] Undefined index: validate F:\phpstudy\WWW\Sticker_3.2\ThinkPHP\Library\Think\Model.class.php 第 1185 行.

[ 2018-03-26T10:48:07+08:00 ] 192.168.1.241 /Sticker_3.2/index.php/Admin/Forger/sendMail
INFO: [ app_begin ] --START--
INFO: Run Behavior\ReadHtmlCacheBehavior [ RunTime:0.000000s ]
INFO: Run Behavior\CheckLangBehavior [ RunTime:0.001000s ]
INFO: [ app_begin ] --END-- [ RunTime:0.001000s ]
SQL: SHOW COLUMNS FROM `users` [ RunTime:0.0100s ]
NOTIC: [8] Undefined index: validate F:\phpstudy\WWW\Sticker_3.2\ThinkPHP\Library\Think\Model.class.php 第 1185 行.
NOTIC: [8] Undefined index: auto F:\phpstudy\WWW\Sticker_3.2\ThinkPHP\Library\Think\Model.class.php 第 1128 行.
SQL: SELECT `userid`,`username`,`nickname`,`email` FROM `users` WHERE `username` = 'admin' LIMIT 1   [ RunTime:0.0000s ]

[ 2018-03-26T10:59:42+08:00 ] 192.168.1.241 /Sticker_3.2/index.php/Admin/Forger/sendMail
INFO: [ app_begin ] --START--
INFO: Run Behavior\ReadHtmlCacheBehavior [ RunTime:0.000000s ]
INFO: Run Behavior\CheckLangBehavior [ RunTime:0.001000s ]
INFO: [ app_begin ] --END-- [ RunTime:0.001000s ]
SQL: SHOW COLUMNS FROM `users` [ RunTime:0.0090s ]
NOTIC: [8] Undefined index: validate F:\phpstudy\WWW\Sticker_3.2\ThinkPHP\Library\Think\Model.class.php 第 1185 行.
NOTIC: [8] Undefined index: auto F:\phpstudy\WWW\Sticker_3.2\ThinkPHP\Library\Think\Model.class.php 第 1128 行.
SQL: SELECT `userid`,`username`,`nickname`,`email` FROM `users` WHERE `username` = 'admin' LIMIT 1   [ RunTime:0.0010s ]

[ 2018-03-26T11:00:41+08:00 ] 192.168.1.241 /Sticker_3.2/index.php/Admin/Forger/sendMail
INFO: [ app_begin ] --START--
INFO: Run Behavior\ReadHtmlCacheBehavior [ RunTime:0.001000s ]
INFO: Run Behavior\CheckLangBehavior [ RunTime:0.000000s ]
INFO: [ app_begin ] --END-- [ RunTime:0.001000s ]
SQL: SHOW COLUMNS FROM `users` [ RunTime:0.0090s ]
NOTIC: [8] Undefined index: validate F:\phpstudy\WWW\Sticker_3.2\ThinkPHP\Library\Think\Model.class.php 第 1185 行.

[ 2018-03-26T11:01:00+08:00 ] 192.168.1.241 /Sticker_3.2/index.php/Admin/Forger/sendMail
INFO: [ app_begin ] --START--
INFO: Run Behavior\ReadHtmlCacheBehavior [ RunTime:0.000000s ]
INFO: Run Behavior\CheckLangBehavior [ RunTime:0.000000s ]
INFO: [ app_begin ] --END-- [ RunTime:0.001000s ]
SQL: SHOW COLUMNS FROM `users` [ RunTime:0.0100s ]
NOTIC: [8] Undefined index: validate F:\phpstudy\WWW\Sticker_3.2\ThinkPHP\Library\Think\Model.class.php 第 1185 行.
NOTIC: [8] Undefined index: auto F:\phpstudy\WWW\Sticker_3.2\ThinkPHP\Library\Think\Model.class.php 第 1128 行.
NOTIC: [2] call_user_func_array() expects parameter 1 to be a valid callback, function 'rand_int(4)' not found or invalid function name F:\phpstudy\WWW\Sticker_3.2\ThinkPHP\Library\Think\Model.class.php 第 1154 行.
SQL: SELECT `userid`,`username`,`nickname`,`email` FROM `users` WHERE `username` = 'admin' LIMIT 1   [ RunTime:0.0000s ]

[ 2018-03-26T11:29:03+08:00 ] 192.168.1.241 /Sticker_3.2/index.php/Admin/Forger/sendMail
INFO: [ app_begin ] --START--
INFO: Run Behavior\ReadHtmlCacheBehavior [ RunTime:0.000000s ]
INFO: Run Behavior\CheckLangBehavior [ RunTime:0.000000s ]
INFO: [ app_begin ] --END-- [ RunTime:0.001000s ]
SQL: SHOW COLUMNS FROM `users` [ RunTime:0.0070s ]
SQL: SHOW COLUMNS FROM `mail_verify` [ RunTime:0.0060s ]
NOTIC: [8] Undefined index: validate F:\phpstudy\WWW\Sticker_3.2\ThinkPHP\Library\Think\Model.class.php 第 1185 行.

[ 2018-03-26T11:29:19+08:00 ] 192.168.1.241 /Sticker_3.2/index.php/Admin/Forger/sendMail
INFO: [ app_begin ] --START--
INFO: Run Behavior\ReadHtmlCacheBehavior [ RunTime:0.000000s ]
INFO: Run Behavior\CheckLangBehavior [ RunTime:0.001000s ]
INFO: [ app_begin ] --END-- [ RunTime:0.001000s ]
SQL: SHOW COLUMNS FROM `users` [ RunTime:0.0060s ]
SQL: SHOW COLUMNS FROM `mail_verify` [ RunTime:0.0070s ]
NOTIC: [8] Undefined index: validate F:\phpstudy\WWW\Sticker_3.2\ThinkPHP\Library\Think\Model.class.php 第 1185 行.

[ 2018-03-26T11:29:41+08:00 ] 192.168.1.241 /Sticker_3.2/index.php/Admin/Forger/sendMail
INFO: [ app_begin ] --START--
INFO: Run Behavior\ReadHtmlCacheBehavior [ RunTime:0.000000s ]
INFO: Run Behavior\CheckLangBehavior [ RunTime:0.000000s ]
INFO: [ app_begin ] --END-- [ RunTime:0.001000s ]
SQL: SHOW COLUMNS FROM `users` [ RunTime:0.0060s ]
SQL: SHOW COLUMNS FROM `mail_verify` [ RunTime:0.0050s ]
NOTIC: [8] Undefined index: validate F:\phpstudy\WWW\Sticker_3.2\ThinkPHP\Library\Think\Model.class.php 第 1185 行.
NOTIC: [8] Undefined index: auto F:\phpstudy\WWW\Sticker_3.2\ThinkPHP\Library\Think\Model.class.php 第 1128 行.
NOTIC: [8] Undefined index: name F:\phpstudy\WWW\Sticker_3.2\Application\Admin\Controller\ForgerController.class.php 第 53 行.
SQL: SELECT * FROM `mail_verify` LIMIT 1   [ RunTime:0.0000s ]
SQL: SELECT `userid`,`username`,`nickname`,`email` FROM `users` WHERE `username` = 'admin' LIMIT 1   [ RunTime:0.0000s ]
ERR: 1062:Duplicate entry '13' for key 'PRIMARY'
 [ SQL语句 ] : INSERT INTO `users` (`username`,`email`,`userid`,`nickname`) VALUES ('admin','1076217644@qq.com','13','admin')
ERR: 1062:Duplicate entry '13' for key 'PRIMARY'
 [ SQL语句 ] : INSERT INTO `users` (`username`,`email`,`userid`,`nickname`) VALUES ('admin','1076217644@qq.com','13','admin')

[ 2018-03-26T11:31:09+08:00 ] 192.168.1.241 /Sticker_3.2/index.php/Admin/Forger/sendMail
INFO: [ app_begin ] --START--
INFO: Run Behavior\ReadHtmlCacheBehavior [ RunTime:0.000000s ]
INFO: Run Behavior\CheckLangBehavior [ RunTime:0.001000s ]
INFO: [ app_begin ] --END-- [ RunTime:0.001000s ]
SQL: SHOW COLUMNS FROM `users` [ RunTime:0.0070s ]
NOTIC: [8] Undefined index: validate F:\phpstudy\WWW\Sticker_3.2\ThinkPHP\Library\Think\Model.class.php 第 1185 行.
NOTIC: [8] Undefined index: auto F:\phpstudy\WWW\Sticker_3.2\ThinkPHP\Library\Think\Model.class.php 第 1128 行.
SQL: SHOW COLUMNS FROM `mail_verify` [ RunTime:0.0060s ]
NOTIC: [8] Undefined index: name F:\phpstudy\WWW\Sticker_3.2\Application\Admin\Controller\ForgerController.class.php 第 53 行.
SQL: SELECT * FROM `mail_verify` LIMIT 1   [ RunTime:0.0000s ]

[ 2018-03-26T11:31:42+08:00 ] 192.168.1.241 /Sticker_3.2/index.php/Admin/Forger/sendMail
INFO: [ app_begin ] --START--
INFO: Run Behavior\ReadHtmlCacheBehavior [ RunTime:0.001000s ]
INFO: Run Behavior\CheckLangBehavior [ RunTime:0.000000s ]
INFO: [ app_begin ] --END-- [ RunTime:0.001000s ]
SQL: SHOW COLUMNS FROM `users` [ RunTime:0.0060s ]
NOTIC: [8] Undefined index: validate F:\phpstudy\WWW\Sticker_3.2\ThinkPHP\Library\Think\Model.class.php 第 1185 行.

[ 2018-03-26T11:31:56+08:00 ] 192.168.1.241 /Sticker_3.2/index.php/Admin/Forger/sendMail
INFO: [ app_begin ] --START--
INFO: Run Behavior\ReadHtmlCacheBehavior [ RunTime:0.001000s ]
INFO: Run Behavior\CheckLangBehavior [ RunTime:0.000000s ]
INFO: [ app_begin ] --END-- [ RunTime:0.001000s ]
SQL: SHOW COLUMNS FROM `users` [ RunTime:0.0060s ]
NOTIC: [8] Undefined index: validate F:\phpstudy\WWW\Sticker_3.2\ThinkPHP\Library\Think\Model.class.php 第 1185 行.
NOTIC: [8] Undefined index: auto F:\phpstudy\WWW\Sticker_3.2\ThinkPHP\Library\Think\Model.class.php 第 1128 行.
SQL: SHOW COLUMNS FROM `mail_verify` [ RunTime:0.0050s ]
NOTIC: [8] Undefined index: name F:\phpstudy\WWW\Sticker_3.2\Application\Admin\Controller\ForgerController.class.php 第 53 行.
SQL: SELECT * FROM `mail_verify` LIMIT 1   [ RunTime:0.0000s ]
SQL: SELECT `userid`,`username`,`nickname`,`email` FROM `users` WHERE `username` = 'admin' LIMIT 1   [ RunTime:0.0010s ]
ERR: 1062:Duplicate entry '13' for key 'PRIMARY'
 [ SQL语句 ] : INSERT INTO `users` (`username`,`email`,`userid`,`nickname`) VALUES ('admin','1076217644@qq.com','13','admin')
ERR: 1062:Duplicate entry '13' for key 'PRIMARY'
 [ SQL语句 ] : INSERT INTO `users` (`username`,`email`,`userid`,`nickname`) VALUES ('admin','1076217644@qq.com','13','admin')

[ 2018-03-26T11:32:13+08:00 ] 192.168.1.241 /Sticker_3.2/index.php/Admin/Forger/sendMail
INFO: [ app_begin ] --START--
INFO: Run Behavior\ReadHtmlCacheBehavior [ RunTime:0.000000s ]
INFO: Run Behavior\CheckLangBehavior [ RunTime:0.000000s ]
INFO: [ app_begin ] --END-- [ RunTime:0.000000s ]
SQL: SHOW COLUMNS FROM `users` [ RunTime:0.0070s ]
NOTIC: [8] Undefined index: validate F:\phpstudy\WWW\Sticker_3.2\ThinkPHP\Library\Think\Model.class.php 第 1185 行.

[ 2018-03-26T11:32:24+08:00 ] 192.168.1.241 /Sticker_3.2/index.php/Admin/Forger/sendMail
INFO: [ app_begin ] --START--
INFO: Run Behavior\ReadHtmlCacheBehavior [ RunTime:0.000000s ]
INFO: Run Behavior\CheckLangBehavior [ RunTime:0.000000s ]
INFO: [ app_begin ] --END-- [ RunTime:0.001000s ]
SQL: SHOW COLUMNS FROM `users` [ RunTime:0.0070s ]
NOTIC: [8] Undefined index: validate F:\phpstudy\WWW\Sticker_3.2\ThinkPHP\Library\Think\Model.class.php 第 1185 行.
NOTIC: [8] Undefined index: auto F:\phpstudy\WWW\Sticker_3.2\ThinkPHP\Library\Think\Model.class.php 第 1128 行.
SQL: SHOW COLUMNS FROM `mail_verify` [ RunTime:0.0060s ]
NOTIC: [8] Undefined index: name F:\phpstudy\WWW\Sticker_3.2\Application\Admin\Controller\ForgerController.class.php 第 53 行.
SQL: SELECT * FROM `mail_verify` LIMIT 1   [ RunTime:0.0000s ]

[ 2018-03-26T11:32:51+08:00 ] 192.168.1.241 /Sticker_3.2/index.php/Admin/Forger/sendMail
INFO: [ app_begin ] --START--
INFO: Run Behavior\ReadHtmlCacheBehavior [ RunTime:0.000000s ]
INFO: Run Behavior\CheckLangBehavior [ RunTime:0.000000s ]
INFO: [ app_begin ] --END-- [ RunTime:0.000000s ]
SQL: SHOW COLUMNS FROM `users` [ RunTime:0.0080s ]
NOTIC: [8] Undefined index: validate F:\phpstudy\WWW\Sticker_3.2\ThinkPHP\Library\Think\Model.class.php 第 1185 行.
NOTIC: [8] Undefined index: auto F:\phpstudy\WWW\Sticker_3.2\ThinkPHP\Library\Think\Model.class.php 第 1128 行.
SQL: SHOW COLUMNS FROM `mail_verify` [ RunTime:0.0060s ]
NOTIC: [8] Undefined index: name F:\phpstudy\WWW\Sticker_3.2\Application\Admin\Controller\ForgerController.class.php 第 53 行.
SQL: SELECT * FROM `mail_verify` LIMIT 1   [ RunTime:0.0000s ]

[ 2018-03-26T13:36:32+08:00 ] 192.168.1.241 /Sticker_3.2/index.php/Admin/Forger/sendMail
INFO: [ app_begin ] --START--
INFO: Run Behavior\ReadHtmlCacheBehavior [ RunTime:0.000000s ]
INFO: Run Behavior\CheckLangBehavior [ RunTime:0.000000s ]
INFO: [ app_begin ] --END-- [ RunTime:0.001000s ]
SQL: SHOW COLUMNS FROM `users` [ RunTime:0.0060s ]
NOTIC: [8] Undefined index: validate F:\phpstudy\WWW\Sticker_3.2\ThinkPHP\Library\Think\Model.class.php 第 1185 行.

[ 2018-03-26T13:36:41+08:00 ] 192.168.1.241 /Sticker_3.2/index.php/Admin/Forger/sendMail
INFO: [ app_begin ] --START--
INFO: Run Behavior\ReadHtmlCacheBehavior [ RunTime:0.001000s ]
INFO: Run Behavior\CheckLangBehavior [ RunTime:0.000000s ]
INFO: [ app_begin ] --END-- [ RunTime:0.001000s ]
SQL: SHOW COLUMNS FROM `users` [ RunTime:0.0080s ]
NOTIC: [8] Undefined index: validate F:\phpstudy\WWW\Sticker_3.2\ThinkPHP\Library\Think\Model.class.php 第 1185 行.

[ 2018-03-26T13:36:55+08:00 ] 192.168.1.241 /Sticker_3.2/index.php/Admin/Forger/sendMail
INFO: [ app_begin ] --START--
INFO: Run Behavior\ReadHtmlCacheBehavior [ RunTime:0.000000s ]
INFO: Run Behavior\CheckLangBehavior [ RunTime:0.000000s ]
INFO: [ app_begin ] --END-- [ RunTime:0.001000s ]
SQL: SHOW COLUMNS FROM `users` [ RunTime:0.0060s ]
NOTIC: [8] Undefined index: validate F:\phpstudy\WWW\Sticker_3.2\ThinkPHP\Library\Think\Model.class.php 第 1185 行.
NOTIC: [8] Undefined index: auto F:\phpstudy\WWW\Sticker_3.2\ThinkPHP\Library\Think\Model.class.php 第 1128 行.
SQL: SHOW COLUMNS FROM `mail_verify` [ RunTime:0.0070s ]
NOTIC: [8] Undefined index: name F:\phpstudy\WWW\Sticker_3.2\Application\Admin\Controller\ForgerController.class.php 第 54 行.
SQL: SELECT `time` FROM `mail_verify` LIMIT 1   [ RunTime:0.0000s ]
SQL: SELECT `userid`,`username`,`nickname`,`email` FROM `users` WHERE `username` = 'admin' LIMIT 1   [ RunTime:0.0010s ]
ERR: 1062:Duplicate entry '13' for key 'PRIMARY'
 [ SQL语句 ] : INSERT INTO `users` (`username`,`email`,`userid`,`nickname`) VALUES ('admin','1076217644@qq.com','13','admin')
ERR: 1062:Duplicate entry '13' for key 'PRIMARY'
 [ SQL语句 ] : INSERT INTO `users` (`username`,`email`,`userid`,`nickname`) VALUES ('admin','1076217644@qq.com','13','admin')

[ 2018-03-26T13:37:30+08:00 ] 192.168.1.241 /Sticker_3.2/index.php/Admin/Forger/sendMail
INFO: [ app_begin ] --START--
INFO: Run Behavior\ReadHtmlCacheBehavior [ RunTime:0.001000s ]
INFO: Run Behavior\CheckLangBehavior [ RunTime:0.000000s ]
INFO: [ app_begin ] --END-- [ RunTime:0.001000s ]
SQL: SHOW COLUMNS FROM `users` [ RunTime:0.0080s ]
NOTIC: [8] Undefined index: validate F:\phpstudy\WWW\Sticker_3.2\ThinkPHP\Library\Think\Model.class.php 第 1185 行.
NOTIC: [8] Undefined index: auto F:\phpstudy\WWW\Sticker_3.2\ThinkPHP\Library\Think\Model.class.php 第 1128 行.
SQL: SHOW COLUMNS FROM `mail_verify` [ RunTime:0.0060s ]
NOTIC: [8] Undefined index: name F:\phpstudy\WWW\Sticker_3.2\Application\Admin\Controller\ForgerController.class.php 第 54 行.
SQL: SELECT `time` FROM `mail_verify` LIMIT 1   [ RunTime:0.0000s ]

[ 2018-03-26T13:41:51+08:00 ] 192.168.1.241 /Sticker_3.2/index.php/Admin/Forger/sendMail
INFO: [ app_begin ] --START--
INFO: Run Behavior\ReadHtmlCacheBehavior [ RunTime:0.000000s ]
INFO: Run Behavior\CheckLangBehavior [ RunTime:0.000000s ]
INFO: [ app_begin ] --END-- [ RunTime:0.000000s ]
SQL: SHOW COLUMNS FROM `users` [ RunTime:0.0070s ]
NOTIC: [8] Undefined index: validate F:\phpstudy\WWW\Sticker_3.2\ThinkPHP\Library\Think\Model.class.php 第 1185 行.
NOTIC: [8] Undefined index: auto F:\phpstudy\WWW\Sticker_3.2\ThinkPHP\Library\Think\Model.class.php 第 1128 行.
SQL: SELECT `userid`,`username`,`nickname`,`email` FROM `users` WHERE `username` = 'admin' LIMIT 1   [ RunTime:0.0000s ]

[ 2018-03-26T13:42:28+08:00 ] 192.168.1.241 /Sticker_3.2/index.php/Admin/Forger/sendMail
INFO: [ app_begin ] --START--
INFO: Run Behavior\ReadHtmlCacheBehavior [ RunTime:0.000000s ]
INFO: Run Behavior\CheckLangBehavior [ RunTime:0.001000s ]
INFO: [ app_begin ] --END-- [ RunTime:0.001000s ]
SQL: SHOW COLUMNS FROM `users` [ RunTime:0.0080s ]
NOTIC: [8] Undefined index: validate F:\phpstudy\WWW\Sticker_3.2\ThinkPHP\Library\Think\Model.class.php 第 1185 行.

[ 2018-03-26T13:42:37+08:00 ] 192.168.1.241 /Sticker_3.2/index.php/Admin/Forger/sendMail
INFO: [ app_begin ] --START--
INFO: Run Behavior\ReadHtmlCacheBehavior [ RunTime:0.000000s ]
INFO: Run Behavior\CheckLangBehavior [ RunTime:0.001000s ]
INFO: [ app_begin ] --END-- [ RunTime:0.001000s ]
SQL: SHOW COLUMNS FROM `users` [ RunTime:0.0060s ]
NOTIC: [8] Undefined index: validate F:\phpstudy\WWW\Sticker_3.2\ThinkPHP\Library\Think\Model.class.php 第 1185 行.
NOTIC: [8] Undefined index: auto F:\phpstudy\WWW\Sticker_3.2\ThinkPHP\Library\Think\Model.class.php 第 1128 行.
SQL: SELECT `userid`,`username`,`nickname`,`email` FROM `users` WHERE `username` = 'admin' LIMIT 1   [ RunTime:0.0010s ]

[ 2018-03-26T13:43:10+08:00 ] 192.168.1.241 /Sticker_3.2/index.php/Admin/Forger/sendMail
INFO: [ app_begin ] --START--
INFO: Run Behavior\ReadHtmlCacheBehavior [ RunTime:0.001000s ]
INFO: Run Behavior\CheckLangBehavior [ RunTime:0.000000s ]
INFO: [ app_begin ] --END-- [ RunTime:0.001000s ]
SQL: SHOW COLUMNS FROM `users` [ RunTime:0.0080s ]
NOTIC: [8] Undefined index: validate F:\phpstudy\WWW\Sticker_3.2\ThinkPHP\Library\Think\Model.class.php 第 1185 行.
NOTIC: [8] Undefined index: auto F:\phpstudy\WWW\Sticker_3.2\ThinkPHP\Library\Think\Model.class.php 第 1128 行.
SQL: SELECT `userid`,`username`,`nickname`,`email` FROM `users` WHERE `username` = 'admin' LIMIT 1   [ RunTime:0.0000s ]

[ 2018-03-26T13:44:11+08:00 ] 192.168.1.241 /Sticker_3.2/index.php/Admin/Forger/sendMail
INFO: [ app_begin ] --START--
INFO: Run Behavior\ReadHtmlCacheBehavior [ RunTime:0.001001s ]
INFO: Run Behavior\CheckLangBehavior [ RunTime:0.000000s ]
INFO: [ app_begin ] --END-- [ RunTime:0.001001s ]
SQL: SHOW COLUMNS FROM `users` [ RunTime:0.0070s ]
NOTIC: [8] Undefined index: validate F:\phpstudy\WWW\Sticker_3.2\ThinkPHP\Library\Think\Model.class.php 第 1185 行.
NOTIC: [8] Undefined index: auto F:\phpstudy\WWW\Sticker_3.2\ThinkPHP\Library\Think\Model.class.php 第 1128 行.
SQL: SELECT `userid`,`username`,`nickname`,`email` FROM `users` WHERE `username` = 'admin' LIMIT 1   [ RunTime:0.0010s ]

[ 2018-03-26T13:44:52+08:00 ] 192.168.1.241 /Sticker_3.2/index.php/Admin/Forger/sendMail
INFO: [ app_begin ] --START--
INFO: Run Behavior\ReadHtmlCacheBehavior [ RunTime:0.001000s ]
INFO: Run Behavior\CheckLangBehavior [ RunTime:0.000000s ]
INFO: [ app_begin ] --END-- [ RunTime:0.001000s ]
SQL: SHOW COLUMNS FROM `users` [ RunTime:0.0070s ]
NOTIC: [8] Undefined index: validate F:\phpstudy\WWW\Sticker_3.2\ThinkPHP\Library\Think\Model.class.php 第 1185 行.

[ 2018-03-26T13:45:11+08:00 ] 192.168.1.241 /Sticker_3.2/index.php/Admin/Forger/sendMail
INFO: [ app_begin ] --START--
INFO: Run Behavior\ReadHtmlCacheBehavior [ RunTime:0.000000s ]
INFO: Run Behavior\CheckLangBehavior [ RunTime:0.001000s ]
INFO: [ app_begin ] --END-- [ RunTime:0.001000s ]
SQL: SHOW COLUMNS FROM `users` [ RunTime:0.0060s ]
NOTIC: [8] Undefined index: validate F:\phpstudy\WWW\Sticker_3.2\ThinkPHP\Library\Think\Model.class.php 第 1185 行.

[ 2018-03-26T13:45:23+08:00 ] 192.168.1.241 /Sticker_3.2/index.php/Admin/Forger/sendMail
INFO: [ app_begin ] --START--
INFO: Run Behavior\ReadHtmlCacheBehavior [ RunTime:0.000000s ]
INFO: Run Behavior\CheckLangBehavior [ RunTime:0.000000s ]
INFO: [ app_begin ] --END-- [ RunTime:0.001000s ]
SQL: SHOW COLUMNS FROM `users` [ RunTime:0.0060s ]
NOTIC: [8] Undefined index: validate F:\phpstudy\WWW\Sticker_3.2\ThinkPHP\Library\Think\Model.class.php 第 1185 行.
NOTIC: [8] Undefined index: auto F:\phpstudy\WWW\Sticker_3.2\ThinkPHP\Library\Think\Model.class.php 第 1128 行.
SQL: SELECT `userid`,`username`,`nickname`,`email` FROM `users` WHERE `username` = 'admin' LIMIT 1   [ RunTime:0.0000s ]

[ 2018-03-26T13:45:51+08:00 ] 192.168.1.241 /Sticker_3.2/index.php/Admin/Forger/sendMail
INFO: [ app_begin ] --START--
INFO: Run Behavior\ReadHtmlCacheBehavior [ RunTime:0.000000s ]
INFO: Run Behavior\CheckLangBehavior [ RunTime:0.000000s ]
INFO: [ app_begin ] --END-- [ RunTime:0.001000s ]
SQL: SHOW COLUMNS FROM `users` [ RunTime:0.0060s ]
NOTIC: [8] Undefined index: validate F:\phpstudy\WWW\Sticker_3.2\ThinkPHP\Library\Think\Model.class.php 第 1185 行.
NOTIC: [8] Undefined index: auto F:\phpstudy\WWW\Sticker_3.2\ThinkPHP\Library\Think\Model.class.php 第 1128 行.
SQL: SELECT `userid`,`username`,`nickname`,`email` FROM `users` WHERE `username` = 'admin' LIMIT 1   [ RunTime:0.0000s ]

[ 2018-03-26T13:46:57+08:00 ] 192.168.1.241 /Sticker_3.2/index.php/Admin/Forger/sendMail
INFO: [ app_begin ] --START--
INFO: Run Behavior\ReadHtmlCacheBehavior [ RunTime:0.000000s ]
INFO: Run Behavior\CheckLangBehavior [ RunTime:0.001000s ]
INFO: [ app_begin ] --END-- [ RunTime:0.001000s ]
SQL: SHOW COLUMNS FROM `users` [ RunTime:0.0060s ]
NOTIC: [8] Undefined index: validate F:\phpstudy\WWW\Sticker_3.2\ThinkPHP\Library\Think\Model.class.php 第 1185 行.
NOTIC: [8] Undefined index: auto F:\phpstudy\WWW\Sticker_3.2\ThinkPHP\Library\Think\Model.class.php 第 1128 行.
SQL: SELECT `userid`,`username`,`nickname`,`email` FROM `users` WHERE `username` = 'admin' LIMIT 1   [ RunTime:0.0000s ]

[ 2018-03-26T13:48:38+08:00 ] 192.168.1.241 /Sticker_3.2/index.php/Admin/Forger/sendMail
INFO: [ app_begin ] --START--
INFO: Run Behavior\ReadHtmlCacheBehavior [ RunTime:0.000000s ]
INFO: Run Behavior\CheckLangBehavior [ RunTime:0.001000s ]
INFO: [ app_begin ] --END-- [ RunTime:0.001000s ]
SQL: SHOW COLUMNS FROM `users` [ RunTime:0.0060s ]
NOTIC: [8] Undefined index: validate F:\phpstudy\WWW\Sticker_3.2\ThinkPHP\Library\Think\Model.class.php 第 1185 行.
NOTIC: [8] Undefined index: auto F:\phpstudy\WWW\Sticker_3.2\ThinkPHP\Library\Think\Model.class.php 第 1128 行.
SQL: SELECT `userid`,`username`,`nickname`,`email` FROM `users` WHERE `username` = 'admin' LIMIT 1   [ RunTime:0.0000s ]

[ 2018-03-26T13:49:17+08:00 ] 192.168.1.241 /Sticker_3.2/index.php/Admin/Forger/sendMail
INFO: [ app_begin ] --START--
INFO: Run Behavior\ReadHtmlCacheBehavior [ RunTime:0.000000s ]
INFO: Run Behavior\CheckLangBehavior [ RunTime:0.000000s ]
INFO: [ app_begin ] --END-- [ RunTime:0.001000s ]
SQL: SHOW COLUMNS FROM `users` [ RunTime:0.0060s ]
NOTIC: [8] Undefined index: validate F:\phpstudy\WWW\Sticker_3.2\ThinkPHP\Library\Think\Model.class.php 第 1185 行.

[ 2018-03-26T13:49:26+08:00 ] 192.168.1.241 /Sticker_3.2/index.php/Admin/Forger/sendMail
INFO: [ app_begin ] --START--
INFO: Run Behavior\ReadHtmlCacheBehavior [ RunTime:0.000000s ]
INFO: Run Behavior\CheckLangBehavior [ RunTime:0.000000s ]
INFO: [ app_begin ] --END-- [ RunTime:0.000000s ]
SQL: SHOW COLUMNS FROM `users` [ RunTime:0.0060s ]
NOTIC: [8] Undefined index: validate F:\phpstudy\WWW\Sticker_3.2\ThinkPHP\Library\Think\Model.class.php 第 1185 行.
NOTIC: [8] Undefined index: auto F:\phpstudy\WWW\Sticker_3.2\ThinkPHP\Library\Think\Model.class.php 第 1128 行.
SQL: SELECT `userid`,`username`,`nickname`,`email` FROM `users` WHERE `username` = 'admin' LIMIT 1   [ RunTime:0.0000s ]

[ 2018-03-26T13:49:48+08:00 ] 192.168.1.241 /Sticker_3.2/index.php/Admin/Forger/sendMail
INFO: [ app_begin ] --START--
INFO: Run Behavior\ReadHtmlCacheBehavior [ RunTime:0.000000s ]
INFO: Run Behavior\CheckLangBehavior [ RunTime:0.001001s ]
INFO: [ app_begin ] --END-- [ RunTime:0.001001s ]
SQL: SHOW COLUMNS FROM `users` [ RunTime:0.0060s ]
NOTIC: [8] Undefined index: validate F:\phpstudy\WWW\Sticker_3.2\ThinkPHP\Library\Think\Model.class.php 第 1185 行.

[ 2018-03-26T13:49:58+08:00 ] 192.168.1.241 /Sticker_3.2/index.php/Admin/Forger/sendMail
INFO: [ app_begin ] --START--
INFO: Run Behavior\ReadHtmlCacheBehavior [ RunTime:0.000000s ]
INFO: Run Behavior\CheckLangBehavior [ RunTime:0.001000s ]
INFO: [ app_begin ] --END-- [ RunTime:0.001000s ]
SQL: SHOW COLUMNS FROM `users` [ RunTime:0.0050s ]
NOTIC: [8] Undefined index: validate F:\phpstudy\WWW\Sticker_3.2\ThinkPHP\Library\Think\Model.class.php 第 1185 行.

[ 2018-03-26T13:50:11+08:00 ] 192.168.1.241 /Sticker_3.2/index.php/Admin/Forger/sendMail
INFO: [ app_begin ] --START--
INFO: Run Behavior\ReadHtmlCacheBehavior [ RunTime:0.000000s ]
INFO: Run Behavior\CheckLangBehavior [ RunTime:0.001000s ]
INFO: [ app_begin ] --END-- [ RunTime:0.001000s ]
SQL: SHOW COLUMNS FROM `users` [ RunTime:0.0070s ]
NOTIC: [8] Undefined index: validate F:\phpstudy\WWW\Sticker_3.2\ThinkPHP\Library\Think\Model.class.php 第 1185 行.
NOTIC: [8] Undefined index: auto F:\phpstudy\WWW\Sticker_3.2\ThinkPHP\Library\Think\Model.class.php 第 1128 行.
SQL: SELECT `userid`,`username`,`nickname`,`email` FROM `users` WHERE `username` = 'admin' LIMIT 1   [ RunTime:0.0010s ]

[ 2018-03-26T13:50:50+08:00 ] 192.168.1.241 /Sticker_3.2/index.php/Admin/Forger/sendMail
INFO: [ app_begin ] --START--
INFO: Run Behavior\ReadHtmlCacheBehavior [ RunTime:0.000000s ]
INFO: Run Behavior\CheckLangBehavior [ RunTime:0.001000s ]
INFO: [ app_begin ] --END-- [ RunTime:0.001000s ]
SQL: SHOW COLUMNS FROM `users` [ RunTime:0.0060s ]
NOTIC: [8] Undefined index: validate F:\phpstudy\WWW\Sticker_3.2\ThinkPHP\Library\Think\Model.class.php 第 1185 行.
NOTIC: [8] Undefined index: auto F:\phpstudy\WWW\Sticker_3.2\ThinkPHP\Library\Think\Model.class.php 第 1128 行.
SQL: SELECT `userid`,`username`,`nickname`,`email` FROM `users` WHERE `username` = 'admin' LIMIT 1   [ RunTime:0.0010s ]
SQL: SHOW COLUMNS FROM `mail_verify` [ RunTime:0.0060s ]
NOTIC: [8] Undefined index: name F:\phpstudy\WWW\Sticker_3.2\Application\Admin\Controller\ForgerController.class.php 第 67 行.
SQL: SELECT `time` FROM `mail_verify` LIMIT 1   [ RunTime:0.0000s ]

[ 2018-03-26T13:51:35+08:00 ] 192.168.1.241 /Sticker_3.2/index.php/Admin/Forger/sendMail
INFO: [ app_begin ] --START--
INFO: Run Behavior\ReadHtmlCacheBehavior [ RunTime:0.000000s ]
INFO: Run Behavior\CheckLangBehavior [ RunTime:0.001000s ]
INFO: [ app_begin ] --END-- [ RunTime:0.001000s ]
SQL: SHOW COLUMNS FROM `users` [ RunTime:0.0060s ]
NOTIC: [8] Undefined index: validate F:\phpstudy\WWW\Sticker_3.2\ThinkPHP\Library\Think\Model.class.php 第 1185 行.
NOTIC: [8] Undefined index: auto F:\phpstudy\WWW\Sticker_3.2\ThinkPHP\Library\Think\Model.class.php 第 1128 行.
SQL: SELECT `userid`,`username`,`nickname`,`email` FROM `users` WHERE `username` = 'admin' LIMIT 1   [ RunTime:0.0010s ]
SQL: SHOW COLUMNS FROM `mail_verify` [ RunTime:0.0050s ]
NOTIC: [8] Undefined index: name F:\phpstudy\WWW\Sticker_3.2\Application\Admin\Controller\ForgerController.class.php 第 67 行.
SQL: SELECT `time` FROM `mail_verify` LIMIT 1   [ RunTime:0.0000s ]
ERR: 1062:Duplicate entry '13' for key 'PRIMARY'
 [ SQL语句 ] : INSERT INTO `users` (`username`,`email`,`userid`,`nickname`) VALUES ('admin','1076217644@qq.com','13','admin')
ERR: 1062:Duplicate entry '13' for key 'PRIMARY'
 [ SQL语句 ] : INSERT INTO `users` (`username`,`email`,`userid`,`nickname`) VALUES ('admin','1076217644@qq.com','13','admin')

[ 2018-03-26T13:52:06+08:00 ] 192.168.1.241 /Sticker_3.2/index.php/Admin/Forger/sendMail
INFO: [ app_begin ] --START--
INFO: Run Behavior\ReadHtmlCacheBehavior [ RunTime:0.000000s ]
INFO: Run Behavior\CheckLangBehavior [ RunTime:0.001000s ]
INFO: [ app_begin ] --END-- [ RunTime:0.001000s ]
SQL: SHOW COLUMNS FROM `users` [ RunTime:0.0070s ]
NOTIC: [8] Undefined index: validate F:\phpstudy\WWW\Sticker_3.2\ThinkPHP\Library\Think\Model.class.php 第 1185 行.

[ 2018-03-26T13:52:14+08:00 ] 192.168.1.241 /Sticker_3.2/index.php/Admin/Forger/sendMail
INFO: [ app_begin ] --START--
INFO: Run Behavior\ReadHtmlCacheBehavior [ RunTime:0.001000s ]
INFO: Run Behavior\CheckLangBehavior [ RunTime:0.000000s ]
INFO: [ app_begin ] --END-- [ RunTime:0.001000s ]
SQL: SHOW COLUMNS FROM `users` [ RunTime:0.0080s ]
NOTIC: [8] Undefined index: validate F:\phpstudy\WWW\Sticker_3.2\ThinkPHP\Library\Think\Model.class.php 第 1185 行.
NOTIC: [8] Undefined index: auto F:\phpstudy\WWW\Sticker_3.2\ThinkPHP\Library\Think\Model.class.php 第 1128 行.
SQL: SELECT `userid`,`username`,`nickname`,`email` FROM `users` WHERE `username` = 'admin' LIMIT 1   [ RunTime:0.0000s ]
SQL: SHOW COLUMNS FROM `mail_verify` [ RunTime:0.0060s ]
NOTIC: [8] Undefined index: name F:\phpstudy\WWW\Sticker_3.2\Application\Admin\Controller\ForgerController.class.php 第 67 行.
SQL: SELECT `time` FROM `mail_verify` LIMIT 1   [ RunTime:0.0010s ]
SQL: INSERT INTO `mail_verify` (`username`,`email`,`verify`,`time`,`ip`,`userid`,`nickname`) VALUES ('admin','1076217644@qq.com','1756','1522043534','192.168.1.241','13','admin') [ RunTime:0.0000s ]

[ 2018-03-26T13:52:39+08:00 ] 192.168.1.241 /Sticker_3.2/index.php/Admin/Forger/sendMail
INFO: [ app_begin ] --START--
INFO: Run Behavior\ReadHtmlCacheBehavior [ RunTime:0.000000s ]
INFO: Run Behavior\CheckLangBehavior [ RunTime:0.001001s ]
INFO: [ app_begin ] --END-- [ RunTime:0.001001s ]
SQL: SHOW COLUMNS FROM `users` [ RunTime:0.0060s ]
NOTIC: [8] Undefined index: validate F:\phpstudy\WWW\Sticker_3.2\ThinkPHP\Library\Think\Model.class.php 第 1185 行.
NOTIC: [8] Undefined index: auto F:\phpstudy\WWW\Sticker_3.2\ThinkPHP\Library\Think\Model.class.php 第 1128 行.
SQL: SELECT `userid`,`username`,`nickname`,`email` FROM `users` WHERE `username` = 'admin' LIMIT 1   [ RunTime:0.0000s ]
SQL: SHOW COLUMNS FROM `mail_verify` [ RunTime:0.0080s ]
NOTIC: [8] Undefined index: name F:\phpstudy\WWW\Sticker_3.2\Application\Admin\Controller\ForgerController.class.php 第 67 行.
SQL: SELECT `time` FROM `mail_verify` LIMIT 1   [ RunTime:0.0000s ]
SQL: INSERT INTO `mail_verify` (`username`,`email`,`verify`,`time`,`ip`,`userid`,`nickname`) VALUES ('admin','1076217644@qq.com','269','1522043559','192.168.1.241','13','admin') [ RunTime:0.0000s ]

[ 2018-03-26T13:53:32+08:00 ] 192.168.1.241 /Sticker_3.2/index.php/Admin/Forger/sendMail
INFO: [ app_begin ] --START--
INFO: Run Behavior\ReadHtmlCacheBehavior [ RunTime:0.001000s ]
INFO: Run Behavior\CheckLangBehavior [ RunTime:0.000000s ]
INFO: [ app_begin ] --END-- [ RunTime:0.001000s ]
SQL: SHOW COLUMNS FROM `users` [ RunTime:0.0080s ]
NOTIC: [8] Undefined index: validate F:\phpstudy\WWW\Sticker_3.2\ThinkPHP\Library\Think\Model.class.php 第 1185 行.
NOTIC: [8] Undefined index: auto F:\phpstudy\WWW\Sticker_3.2\ThinkPHP\Library\Think\Model.class.php 第 1128 行.
SQL: SELECT `userid`,`username`,`nickname`,`email` FROM `users` WHERE `username` = 'admin' LIMIT 1   [ RunTime:0.0000s ]
SQL: SHOW COLUMNS FROM `mail_verify` [ RunTime:0.0070s ]
NOTIC: [8] Undefined index: name F:\phpstudy\WWW\Sticker_3.2\Application\Admin\Controller\ForgerController.class.php 第 67 行.
SQL: SELECT `time` FROM `mail_verify` LIMIT 1   [ RunTime:0.0000s ]

[ 2018-03-26T13:55:03+08:00 ] 192.168.1.241 /Sticker_3.2/index.php/Admin/Forger/sendMail
INFO: [ app_begin ] --START--
INFO: Run Behavior\ReadHtmlCacheBehavior [ RunTime:0.000000s ]
INFO: Run Behavior\CheckLangBehavior [ RunTime:0.001000s ]
INFO: [ app_begin ] --END-- [ RunTime:0.001000s ]
SQL: SHOW COLUMNS FROM `users` [ RunTime:0.0070s ]
NOTIC: [8] Undefined index: validate F:\phpstudy\WWW\Sticker_3.2\ThinkPHP\Library\Think\Model.class.php 第 1185 行.
NOTIC: [8] Undefined index: auto F:\phpstudy\WWW\Sticker_3.2\ThinkPHP\Library\Think\Model.class.php 第 1128 行.
SQL: SELECT `userid`,`username`,`nickname`,`email` FROM `users` WHERE `username` = 'admin' LIMIT 1   [ RunTime:0.0000s ]
SQL: SHOW COLUMNS FROM `mail_verify` [ RunTime:0.0070s ]
NOTIC: [8] Undefined index: name F:\phpstudy\WWW\Sticker_3.2\Application\Admin\Controller\ForgerController.class.php 第 67 行.
SQL: SELECT `time` FROM `mail_verify` LIMIT 1   [ RunTime:0.0010s ]
SQL: INSERT INTO `mail_verify` (`username`,`email`,`verify`,`time`,`ip`,`userid`,`nickname`) VALUES ('admin','1076217644@qq.com','4','1522043703','192.168.1.241','13','admin') [ RunTime:0.0000s ]

[ 2018-03-26T13:55:16+08:00 ] 192.168.1.241 /Sticker_3.2/index.php/Admin/Forger/sendMail
INFO: [ app_begin ] --START--
INFO: Run Behavior\ReadHtmlCacheBehavior [ RunTime:0.001000s ]
INFO: Run Behavior\CheckLangBehavior [ RunTime:0.000000s ]
INFO: [ app_begin ] --END-- [ RunTime:0.001000s ]
SQL: SHOW COLUMNS FROM `users` [ RunTime:0.0080s ]
NOTIC: [8] Undefined index: validate F:\phpstudy\WWW\Sticker_3.2\ThinkPHP\Library\Think\Model.class.php 第 1185 行.
NOTIC: [8] Undefined index: auto F:\phpstudy\WWW\Sticker_3.2\ThinkPHP\Library\Think\Model.class.php 第 1128 行.
SQL: SELECT `userid`,`username`,`nickname`,`email` FROM `users` WHERE `username` = 'admin' LIMIT 1   [ RunTime:0.0000s ]
SQL: SHOW COLUMNS FROM `mail_verify` [ RunTime:0.0060s ]
NOTIC: [8] Undefined index: name F:\phpstudy\WWW\Sticker_3.2\Application\Admin\Controller\ForgerController.class.php 第 67 行.
SQL: SELECT `time` FROM `mail_verify` LIMIT 1   [ RunTime:0.0000s ]
SQL: INSERT INTO `mail_verify` (`username`,`email`,`verify`,`time`,`ip`,`userid`,`nickname`) VALUES ('admin','1076217644@qq.com','58','1522043716','192.168.1.241','13','admin') [ RunTime:0.0000s ]

[ 2018-03-26T15:06:03+08:00 ] 192.168.1.241 /Sticker_3.2/index.php/Admin/Forger/sendMail
INFO: [ app_begin ] --START--
INFO: Run Behavior\ReadHtmlCacheBehavior [ RunTime:0.000000s ]
INFO: Run Behavior\CheckLangBehavior [ RunTime:0.001000s ]
INFO: [ app_begin ] --END-- [ RunTime:0.001000s ]
SQL: SHOW COLUMNS FROM `users` [ RunTime:0.0100s ]
NOTIC: [8] Undefined index: validate F:\phpstudy\WWW\Sticker_3.2\ThinkPHP\Library\Think\Model.class.php 第 1185 行.
NOTIC: [8] Undefined index: auto F:\phpstudy\WWW\Sticker_3.2\ThinkPHP\Library\Think\Model.class.php 第 1128 行.
SQL: SELECT `userid`,`username`,`nickname`,`email` FROM `users` WHERE `username` = 'admin' LIMIT 1   [ RunTime:0.0000s ]
NOTIC: [8] Undefined variable: verify F:\phpstudy\WWW\Sticker_3.2\Application\Admin\Controller\ForgerController.class.php 第 65 行.
SQL: SHOW COLUMNS FROM `mail_verify` [ RunTime:0.0100s ]
NOTIC: [8] Undefined index: name F:\phpstudy\WWW\Sticker_3.2\Application\Admin\Controller\ForgerController.class.php 第 69 行.
SQL: SELECT `time`,`id` FROM `mail_verify` LIMIT 1   [ RunTime:0.0010s ]
SQL: UPDATE `mail_verify` SET `username`='admin',`email`='1076217644@qq.com',`verify`='b1f2cp3/4kVz+yL55fIRvRWT868wYzW6DS2oUWXvjMNI',`time`='1522047956',`ip`='192.168.1.241' WHERE ( 1 ) [ RunTime:0.0000s ]
NOTIC: [2] Cannot modify header information - headers already sent by (output started at F:\phpstudy\WWW\Sticker_3.2\ThinkPHP\Library\Vendor\PHPMailer\SMTP.php:257) F:\phpstudy\WWW\Sticker_3.2\ThinkPHP\Library\Think\Controller.class.php 第 215 行.

[ 2018-03-26T15:08:42+08:00 ] 192.168.1.241 /Sticker_3.2/index.php/Admin/Forger/sendMail
INFO: [ app_begin ] --START--
INFO: Run Behavior\ReadHtmlCacheBehavior [ RunTime:0.000000s ]
INFO: Run Behavior\CheckLangBehavior [ RunTime:0.000000s ]
INFO: [ app_begin ] --END-- [ RunTime:0.000000s ]
SQL: SHOW COLUMNS FROM `users` [ RunTime:0.0110s ]
NOTIC: [8] Undefined index: validate F:\phpstudy\WWW\Sticker_3.2\ThinkPHP\Library\Think\Model.class.php 第 1185 行.

[ 2018-03-26T15:08:53+08:00 ] 192.168.1.241 /Sticker_3.2/index.php/Admin/Forger/sendMail
INFO: [ app_begin ] --START--
INFO: Run Behavior\ReadHtmlCacheBehavior [ RunTime:0.001000s ]
INFO: Run Behavior\CheckLangBehavior [ RunTime:0.000000s ]
INFO: [ app_begin ] --END-- [ RunTime:0.001000s ]
SQL: SHOW COLUMNS FROM `users` [ RunTime:0.0110s ]
NOTIC: [8] Undefined index: validate F:\phpstudy\WWW\Sticker_3.2\ThinkPHP\Library\Think\Model.class.php 第 1185 行.

[ 2018-03-26T15:09:25+08:00 ] 192.168.1.241 /Sticker_3.2/index.php/Admin/Forger/sendMail
INFO: [ app_begin ] --START--
INFO: Run Behavior\ReadHtmlCacheBehavior [ RunTime:0.000000s ]
INFO: Run Behavior\CheckLangBehavior [ RunTime:0.000000s ]
INFO: [ app_begin ] --END-- [ RunTime:0.001000s ]
SQL: SHOW COLUMNS FROM `users` [ RunTime:0.0110s ]
NOTIC: [8] Undefined index: validate F:\phpstudy\WWW\Sticker_3.2\ThinkPHP\Library\Think\Model.class.php 第 1185 行.
NOTIC: [8] Undefined index: auto F:\phpstudy\WWW\Sticker_3.2\ThinkPHP\Library\Think\Model.class.php 第 1128 行.
SQL: SELECT `userid`,`username`,`nickname`,`email` FROM `users` WHERE `username` = 'admin' LIMIT 1   [ RunTime:0.0000s ]
NOTIC: [8] Undefined variable: verify F:\phpstudy\WWW\Sticker_3.2\Application\Admin\Controller\ForgerController.class.php 第 65 行.
SQL: SHOW COLUMNS FROM `mail_verify` [ RunTime:0.0100s ]
NOTIC: [8] Undefined index: name F:\phpstudy\WWW\Sticker_3.2\Application\Admin\Controller\ForgerController.class.php 第 69 行.
SQL: SELECT `time`,`id` FROM `mail_verify` LIMIT 1   [ RunTime:0.0000s ]
SQL: UPDATE `mail_verify` SET `username`='admin',`email`='1076217644@qq.com',`verify`='3e48qDQx7glhEHhyBciHDy5oKM9tGOn/oK+YPoekdzDL',`time`='1522048145',`ip`='192.168.1.241' WHERE ( 1 ) [ RunTime:0.0000s ]

[ 2018-03-26T15:19:24+08:00 ] 192.168.1.241 /Sticker_3.2/index.php/Admin/Forger/sendMail
INFO: [ app_begin ] --START--
INFO: Run Behavior\ReadHtmlCacheBehavior [ RunTime:0.001000s ]
INFO: Run Behavior\CheckLangBehavior [ RunTime:0.000000s ]
INFO: [ app_begin ] --END-- [ RunTime:0.001000s ]
SQL: SHOW COLUMNS FROM `users` [ RunTime:0.0100s ]
NOTIC: [8] Undefined index: validate F:\phpstudy\WWW\Sticker_3.2\ThinkPHP\Library\Think\Model.class.php 第 1185 行.
NOTIC: [8] Undefined index: auto F:\phpstudy\WWW\Sticker_3.2\ThinkPHP\Library\Think\Model.class.php 第 1128 行.
SQL: SELECT `userid`,`username`,`nickname`,`email` FROM `users` WHERE `username` = 'admin' LIMIT 1   [ RunTime:0.0000s ]
NOTIC: [8] Undefined variable: verify F:\phpstudy\WWW\Sticker_3.2\Application\Admin\Controller\ForgerController.class.php 第 65 行.
SQL: SHOW COLUMNS FROM `mail_verify` [ RunTime:0.0110s ]
NOTIC: [8] Undefined index: name F:\phpstudy\WWW\Sticker_3.2\Application\Admin\Controller\ForgerController.class.php 第 69 行.
SQL: SELECT `time`,`id` FROM `mail_verify` LIMIT 1   [ RunTime:0.0000s ]
SQL: UPDATE `mail_verify` SET `username`='admin',`email`='1076217644@qq.com',`verify`='f6d1NI02yIIk8fMSlNo7pWJHSMM5y9qaBZvX4zBcXtVH',`time`='1522048746',`ip`='192.168.1.241' WHERE ( 1 ) [ RunTime:0.0010s ]
NOTIC: [2] Cannot modify header information - headers already sent by (output started at F:\phpstudy\WWW\Sticker_3.2\ThinkPHP\Library\Vendor\PHPMailer\SMTP.php:257) F:\phpstudy\WWW\Sticker_3.2\ThinkPHP\Library\Think\Controller.class.php 第 215 行.

[ 2018-03-26T15:21:58+08:00 ] 192.168.1.241 /Sticker_3.2/index.php/Admin/Forger/sendMail
INFO: [ app_begin ] --START--
INFO: Run Behavior\ReadHtmlCacheBehavior [ RunTime:0.001000s ]
INFO: Run Behavior\CheckLangBehavior [ RunTime:0.000000s ]
INFO: [ app_begin ] --END-- [ RunTime:0.001000s ]
SQL: SHOW COLUMNS FROM `users` [ RunTime:0.0100s ]
NOTIC: [8] Undefined index: validate F:\phpstudy\WWW\Sticker_3.2\ThinkPHP\Library\Think\Model.class.php 第 1185 行.
NOTIC: [8] Undefined index: auto F:\phpstudy\WWW\Sticker_3.2\ThinkPHP\Library\Think\Model.class.php 第 1128 行.
SQL: SELECT `userid`,`username`,`nickname`,`email` FROM `users` WHERE `username` = 'admin' LIMIT 1   [ RunTime:0.0000s ]
SQL: SHOW COLUMNS FROM `mail_verify` [ RunTime:0.0110s ]
NOTIC: [8] Undefined index: name F:\phpstudy\WWW\Sticker_3.2\Application\Admin\Controller\ForgerController.class.php 第 69 行.
SQL: SELECT `time`,`id` FROM `mail_verify` LIMIT 1   [ RunTime:0.0000s ]
NOTIC: [2] Cannot modify header information - headers already sent by (output started at F:\phpstudy\WWW\Sticker_3.2\ThinkPHP\Library\Vendor\PHPMailer\SMTP.php:257) F:\phpstudy\WWW\Sticker_3.2\ThinkPHP\Library\Think\Controller.class.php 第 215 行.

[ 2018-03-26T15:32:01+08:00 ] 192.168.1.241 /Sticker_3.2/index.php/Admin/Forger/sendMail
INFO: [ app_begin ] --START--
INFO: Run Behavior\ReadHtmlCacheBehavior [ RunTime:0.000000s ]
INFO: Run Behavior\CheckLangBehavior [ RunTime:0.000000s ]
INFO: [ app_begin ] --END-- [ RunTime:0.001000s ]
SQL: SHOW COLUMNS FROM `users` [ RunTime:0.0110s ]
NOTIC: [8] Undefined index: validate F:\phpstudy\WWW\Sticker_3.2\ThinkPHP\Library\Think\Model.class.php 第 1185 行.
NOTIC: [8] Undefined index: auto F:\phpstudy\WWW\Sticker_3.2\ThinkPHP\Library\Think\Model.class.php 第 1128 行.
SQL: SELECT `userid`,`username`,`nickname`,`email` FROM `users` WHERE `username` = 'admin' LIMIT 1   [ RunTime:0.0000s ]
SQL: SHOW COLUMNS FROM `mail_verify` [ RunTime:0.0110s ]
NOTIC: [8] Undefined index: name F:\phpstudy\WWW\Sticker_3.2\Application\Admin\Controller\ForgerController.class.php 第 69 行.
SQL: SELECT `time`,`id` FROM `mail_verify` LIMIT 1   [ RunTime:0.0000s ]

[ 2018-03-26T15:32:15+08:00 ] 192.168.1.241 /Sticker_3.2/index.php/Admin/Forger/sendMail
INFO: [ app_begin ] --START--
INFO: Run Behavior\ReadHtmlCacheBehavior [ RunTime:0.000000s ]
INFO: Run Behavior\CheckLangBehavior [ RunTime:0.001000s ]
INFO: [ app_begin ] --END-- [ RunTime:0.001000s ]
SQL: SHOW COLUMNS FROM `users` [ RunTime:0.0120s ]
NOTIC: [8] Undefined index: validate F:\phpstudy\WWW\Sticker_3.2\ThinkPHP\Library\Think\Model.class.php 第 1185 行.
NOTIC: [8] Undefined index: auto F:\phpstudy\WWW\Sticker_3.2\ThinkPHP\Library\Think\Model.class.php 第 1128 行.
SQL: SELECT `userid`,`username`,`nickname`,`email` FROM `users` WHERE `username` = 'admin' LIMIT 1   [ RunTime:0.0010s ]
SQL: SHOW COLUMNS FROM `mail_verify` [ RunTime:0.0110s ]
NOTIC: [8] Undefined index: name F:\phpstudy\WWW\Sticker_3.2\Application\Admin\Controller\ForgerController.class.php 第 69 行.
SQL: SELECT `time`,`id` FROM `mail_verify` LIMIT 1   [ RunTime:0.0000s ]

[ 2018-03-26T15:32:26+08:00 ] 192.168.1.241 /Sticker_3.2/index.php/Admin/Forger/sendMail
INFO: [ app_begin ] --START--
INFO: Run Behavior\ReadHtmlCacheBehavior [ RunTime:0.000000s ]
INFO: Run Behavior\CheckLangBehavior [ RunTime:0.000000s ]
INFO: [ app_begin ] --END-- [ RunTime:0.000000s ]
SQL: SHOW COLUMNS FROM `users` [ RunTime:0.0110s ]
NOTIC: [8] Undefined index: validate F:\phpstudy\WWW\Sticker_3.2\ThinkPHP\Library\Think\Model.class.php 第 1185 行.

[ 2018-03-26T15:32:34+08:00 ] 192.168.1.241 /Sticker_3.2/index.php/Admin/Forger/sendMail
INFO: [ app_begin ] --START--
INFO: Run Behavior\ReadHtmlCacheBehavior [ RunTime:0.000000s ]
INFO: Run Behavior\CheckLangBehavior [ RunTime:0.000000s ]
INFO: [ app_begin ] --END-- [ RunTime:0.001000s ]
SQL: SHOW COLUMNS FROM `users` [ RunTime:0.0110s ]
NOTIC: [8] Undefined index: validate F:\phpstudy\WWW\Sticker_3.2\ThinkPHP\Library\Think\Model.class.php 第 1185 行.
NOTIC: [8] Undefined index: auto F:\phpstudy\WWW\Sticker_3.2\ThinkPHP\Library\Think\Model.class.php 第 1128 行.
SQL: SELECT `userid`,`username`,`nickname`,`email` FROM `users` WHERE `username` = 'admin' LIMIT 1   [ RunTime:0.0000s ]
SQL: SHOW COLUMNS FROM `mail_verify` [ RunTime:0.0130s ]
NOTIC: [8] Undefined index: name F:\phpstudy\WWW\Sticker_3.2\Application\Admin\Controller\ForgerController.class.php 第 69 行.
SQL: SELECT `time`,`id` FROM `mail_verify` LIMIT 1   [ RunTime:0.0000s ]

[ 2018-03-26T15:32:41+08:00 ] 192.168.1.241 /Sticker_3.2/index.php/Admin/Forger/sendMail
INFO: [ app_begin ] --START--
INFO: Run Behavior\ReadHtmlCacheBehavior [ RunTime:0.001000s ]
INFO: Run Behavior\CheckLangBehavior [ RunTime:0.000000s ]
INFO: [ app_begin ] --END-- [ RunTime:0.001000s ]
SQL: SHOW COLUMNS FROM `users` [ RunTime:0.0100s ]
NOTIC: [8] Undefined index: validate F:\phpstudy\WWW\Sticker_3.2\ThinkPHP\Library\Think\Model.class.php 第 1185 行.
NOTIC: [8] Undefined index: auto F:\phpstudy\WWW\Sticker_3.2\ThinkPHP\Library\Think\Model.class.php 第 1128 行.
SQL: SELECT `userid`,`username`,`nickname`,`email` FROM `users` WHERE `username` = 'admin' LIMIT 1   [ RunTime:0.0010s ]
SQL: SHOW COLUMNS FROM `mail_verify` [ RunTime:0.0110s ]
NOTIC: [8] Undefined index: name F:\phpstudy\WWW\Sticker_3.2\Application\Admin\Controller\ForgerController.class.php 第 69 行.
SQL: SELECT `time`,`id` FROM `mail_verify` LIMIT 1   [ RunTime:0.0000s ]

[ 2018-03-26T15:32:53+08:00 ] 192.168.1.241 /Sticker_3.2/index.php/Admin/Forger/sendMail
INFO: [ app_begin ] --START--
INFO: Run Behavior\ReadHtmlCacheBehavior [ RunTime:0.000000s ]
INFO: Run Behavior\CheckLangBehavior [ RunTime:0.001000s ]
INFO: [ app_begin ] --END-- [ RunTime:0.001000s ]
SQL: SHOW COLUMNS FROM `users` [ RunTime:0.0100s ]
NOTIC: [8] Undefined index: validate F:\phpstudy\WWW\Sticker_3.2\ThinkPHP\Library\Think\Model.class.php 第 1185 行.
NOTIC: [8] Undefined index: auto F:\phpstudy\WWW\Sticker_3.2\ThinkPHP\Library\Think\Model.class.php 第 1128 行.
SQL: SELECT `userid`,`username`,`nickname`,`email` FROM `users` WHERE `username` = 'admin' LIMIT 1   [ RunTime:0.0000s ]
SQL: SHOW COLUMNS FROM `mail_verify` [ RunTime:0.0120s ]
NOTIC: [8] Undefined index: name F:\phpstudy\WWW\Sticker_3.2\Application\Admin\Controller\ForgerController.class.php 第 69 行.
SQL: SELECT `time`,`id` FROM `mail_verify` LIMIT 1   [ RunTime:0.0000s ]

[ 2018-03-26T15:33:17+08:00 ] 192.168.1.241 /Sticker_3.2/index.php/Admin/Forger/sendMail
INFO: [ app_begin ] --START--
INFO: Run Behavior\ReadHtmlCacheBehavior [ RunTime:0.000000s ]
INFO: Run Behavior\CheckLangBehavior [ RunTime:0.001000s ]
INFO: [ app_begin ] --END-- [ RunTime:0.001000s ]
SQL: SHOW COLUMNS FROM `users` [ RunTime:0.0110s ]
NOTIC: [8] Undefined index: validate F:\phpstudy\WWW\Sticker_3.2\ThinkPHP\Library\Think\Model.class.php 第 1185 行.

[ 2018-03-26T15:33:29+08:00 ] 192.168.1.241 /Sticker_3.2/index.php/Admin/Forger/sendMail
INFO: [ app_begin ] --START--
INFO: Run Behavior\ReadHtmlCacheBehavior [ RunTime:0.001000s ]
INFO: Run Behavior\CheckLangBehavior [ RunTime:0.000000s ]
INFO: [ app_begin ] --END-- [ RunTime:0.001000s ]
SQL: SHOW COLUMNS FROM `users` [ RunTime:0.0130s ]
NOTIC: [8] Undefined index: validate F:\phpstudy\WWW\Sticker_3.2\ThinkPHP\Library\Think\Model.class.php 第 1185 行.
NOTIC: [8] Undefined index: auto F:\phpstudy\WWW\Sticker_3.2\ThinkPHP\Library\Think\Model.class.php 第 1128 行.
SQL: SELECT `userid`,`username`,`nickname`,`email` FROM `users` WHERE `username` = 'admin' LIMIT 1   [ RunTime:0.0000s ]
SQL: SHOW COLUMNS FROM `mail_verify` [ RunTime:0.0130s ]
NOTIC: [8] Undefined index: name F:\phpstudy\WWW\Sticker_3.2\Application\Admin\Controller\ForgerController.class.php 第 69 行.
SQL: SELECT `time`,`id` FROM `mail_verify` LIMIT 1   [ RunTime:0.0000s ]

[ 2018-03-26T15:34:11+08:00 ] 192.168.1.241 /Sticker_3.2/index.php/Admin/Forger/sendMail
INFO: [ app_begin ] --START--
INFO: Run Behavior\ReadHtmlCacheBehavior [ RunTime:0.000000s ]
INFO: Run Behavior\CheckLangBehavior [ RunTime:0.000000s ]
INFO: [ app_begin ] --END-- [ RunTime:0.000000s ]
SQL: SHOW COLUMNS FROM `users` [ RunTime:0.0060s ]
NOTIC: [8] Undefined index: validate F:\phpstudy\WWW\Sticker_3.2\ThinkPHP\Library\Think\Model.class.php 第 1185 行.

[ 2018-03-26T15:34:33+08:00 ] 192.168.1.241 /Sticker_3.2/index.php/Admin/Forger/sendMail
INFO: [ app_begin ] --START--
INFO: Run Behavior\ReadHtmlCacheBehavior [ RunTime:0.001000s ]
INFO: Run Behavior\CheckLangBehavior [ RunTime:0.000000s ]
INFO: [ app_begin ] --END-- [ RunTime:0.001000s ]
SQL: SHOW COLUMNS FROM `users` [ RunTime:0.0120s ]
NOTIC: [8] Undefined index: validate F:\phpstudy\WWW\Sticker_3.2\ThinkPHP\Library\Think\Model.class.php 第 1185 行.
NOTIC: [8] Undefined index: auto F:\phpstudy\WWW\Sticker_3.2\ThinkPHP\Library\Think\Model.class.php 第 1128 行.
SQL: SELECT `userid`,`username`,`nickname`,`email` FROM `users` WHERE `username` = 'admin' LIMIT 1   [ RunTime:0.0010s ]
SQL: SHOW COLUMNS FROM `mail_verify` [ RunTime:0.0110s ]
NOTIC: [8] Undefined index: name F:\phpstudy\WWW\Sticker_3.2\Application\Admin\Controller\ForgerController.class.php 第 69 行.
SQL: SELECT `time`,`id` FROM `mail_verify` LIMIT 1   [ RunTime:0.0000s ]
NOTIC: [2] Cannot modify header information - headers already sent by (output started at F:\phpstudy\WWW\Sticker_3.2\ThinkPHP\Library\Vendor\PHPMailer\SMTP.php:257) F:\phpstudy\WWW\Sticker_3.2\ThinkPHP\Library\Think\Controller.class.php 第 215 行.

[ 2018-03-26T15:35:39+08:00 ] 192.168.1.241 /Sticker_3.2/index.php/Admin/Forger/sendMail
INFO: [ app_begin ] --START--
INFO: Run Behavior\ReadHtmlCacheBehavior [ RunTime:0.001000s ]
INFO: Run Behavior\CheckLangBehavior [ RunTime:0.000000s ]
INFO: [ app_begin ] --END-- [ RunTime:0.001000s ]
SQL: SHOW COLUMNS FROM `users` [ RunTime:0.0110s ]
NOTIC: [8] Undefined index: validate F:\phpstudy\WWW\Sticker_3.2\ThinkPHP\Library\Think\Model.class.php 第 1185 行.
NOTIC: [8] Undefined index: auto F:\phpstudy\WWW\Sticker_3.2\ThinkPHP\Library\Think\Model.class.php 第 1128 行.
SQL: SELECT `userid`,`username`,`nickname`,`email` FROM `users` WHERE `username` = 'admin' LIMIT 1   [ RunTime:0.0000s ]
SQL: SHOW COLUMNS FROM `mail_verify` [ RunTime:0.0110s ]
NOTIC: [8] Undefined index: name F:\phpstudy\WWW\Sticker_3.2\Application\Admin\Controller\ForgerController.class.php 第 69 行.
SQL: SELECT `time`,`id` FROM `mail_verify` LIMIT 1   [ RunTime:0.0000s ]
NOTIC: [2] Cannot modify header information - headers already sent by (output started at F:\phpstudy\WWW\Sticker_3.2\ThinkPHP\Library\Vendor\PHPMailer\SMTP.php:257) F:\phpstudy\WWW\Sticker_3.2\ThinkPHP\Library\Think\Controller.class.php 第 215 行.

[ 2018-03-26T15:36:11+08:00 ] 192.168.1.241 /Sticker_3.2/index.php/Admin/Forger/sendMail
INFO: [ app_begin ] --START--
INFO: Run Behavior\ReadHtmlCacheBehavior [ RunTime:0.000000s ]
INFO: Run Behavior\CheckLangBehavior [ RunTime:0.000000s ]
INFO: [ app_begin ] --END-- [ RunTime:0.000000s ]
SQL: SHOW COLUMNS FROM `users` [ RunTime:0.0100s ]
NOTIC: [8] Undefined index: validate F:\phpstudy\WWW\Sticker_3.2\ThinkPHP\Library\Think\Model.class.php 第 1185 行.
NOTIC: [8] Undefined index: auto F:\phpstudy\WWW\Sticker_3.2\ThinkPHP\Library\Think\Model.class.php 第 1128 行.
SQL: SELECT `userid`,`username`,`nickname`,`email` FROM `users` WHERE `username` = 'admin' LIMIT 1   [ RunTime:0.0000s ]
SQL: SHOW COLUMNS FROM `mail_verify` [ RunTime:0.0120s ]
NOTIC: [8] Undefined index: name F:\phpstudy\WWW\Sticker_3.2\Application\Admin\Controller\ForgerController.class.php 第 69 行.
SQL: SELECT `time`,`id` FROM `mail_verify` LIMIT 1   [ RunTime:0.0000s ]

[ 2018-03-26T15:36:55+08:00 ] 192.168.1.241 /Sticker_3.2/index.php/Admin/Forger/sendMail
INFO: [ app_begin ] --START--
INFO: Run Behavior\ReadHtmlCacheBehavior [ RunTime:0.000000s ]
INFO: Run Behavior\CheckLangBehavior [ RunTime:0.001000s ]
INFO: [ app_begin ] --END-- [ RunTime:0.001000s ]
SQL: SHOW COLUMNS FROM `users` [ RunTime:0.0090s ]
NOTIC: [8] Undefined index: validate F:\phpstudy\WWW\Sticker_3.2\ThinkPHP\Library\Think\Model.class.php 第 1185 行.
NOTIC: [8] Undefined index: auto F:\phpstudy\WWW\Sticker_3.2\ThinkPHP\Library\Think\Model.class.php 第 1128 行.
SQL: SELECT `userid`,`username`,`nickname`,`email` FROM `users` WHERE `username` = 'admin' LIMIT 1   [ RunTime:0.0000s ]
SQL: SHOW COLUMNS FROM `mail_verify` [ RunTime:0.0100s ]
NOTIC: [8] Undefined index: name F:\phpstudy\WWW\Sticker_3.2\Application\Admin\Controller\ForgerController.class.php 第 69 行.
SQL: SELECT `time`,`id` FROM `mail_verify` LIMIT 1   [ RunTime:0.0000s ]
NOTIC: [2] Cannot modify header information - headers already sent by (output started at F:\phpstudy\WWW\Sticker_3.2\ThinkPHP\Library\Vendor\PHPMailer\SMTP.php:257) F:\phpstudy\WWW\Sticker_3.2\ThinkPHP\Library\Think\Controller.class.php 第 215 行.

[ 2018-03-26T15:39:04+08:00 ] 192.168.1.241 /Sticker_3.2/index.php/Admin/Forger/sendMail
INFO: [ app_begin ] --START--
INFO: Run Behavior\ReadHtmlCacheBehavior [ RunTime:0.000000s ]
INFO: Run Behavior\CheckLangBehavior [ RunTime:0.001000s ]
INFO: [ app_begin ] --END-- [ RunTime:0.001000s ]
SQL: SHOW COLUMNS FROM `users` [ RunTime:0.0060s ]
NOTIC: [8] Undefined index: validate F:\phpstudy\WWW\Sticker_3.2\ThinkPHP\Library\Think\Model.class.php 第 1185 行.
NOTIC: [8] Undefined index: auto F:\phpstudy\WWW\Sticker_3.2\ThinkPHP\Library\Think\Model.class.php 第 1128 行.
SQL: SELECT `userid`,`username`,`nickname`,`email` FROM `users` WHERE `username` = 'admin' LIMIT 1   [ RunTime:0.0010s ]
SQL: SHOW COLUMNS FROM `mail_verify` [ RunTime:0.0060s ]
NOTIC: [8] Undefined index: name F:\phpstudy\WWW\Sticker_3.2\Application\Admin\Controller\ForgerController.class.php 第 69 行.
SQL: SELECT `time`,`id` FROM `mail_verify` LIMIT 1   [ RunTime:0.0000s ]

[ 2018-03-26T15:39:52+08:00 ] 192.168.1.241 /Sticker_3.2/index.php/Admin/Forger/sendMail
INFO: [ app_begin ] --START--
INFO: Run Behavior\ReadHtmlCacheBehavior [ RunTime:0.000000s ]
INFO: Run Behavior\CheckLangBehavior [ RunTime:0.001000s ]
INFO: [ app_begin ] --END-- [ RunTime:0.001000s ]
SQL: SHOW COLUMNS FROM `users` [ RunTime:0.0050s ]
NOTIC: [8] Undefined index: validate F:\phpstudy\WWW\Sticker_3.2\ThinkPHP\Library\Think\Model.class.php 第 1185 行.
NOTIC: [8] Undefined index: auto F:\phpstudy\WWW\Sticker_3.2\ThinkPHP\Library\Think\Model.class.php 第 1128 行.
SQL: SELECT `userid`,`username`,`nickname`,`email` FROM `users` WHERE `username` = 'admin' LIMIT 1   [ RunTime:0.0000s ]
SQL: SHOW COLUMNS FROM `mail_verify` [ RunTime:0.0060s ]
NOTIC: [8] Undefined index: name F:\phpstudy\WWW\Sticker_3.2\Application\Admin\Controller\ForgerController.class.php 第 69 行.
SQL: SELECT `time`,`id` FROM `mail_verify` LIMIT 1   [ RunTime:0.0000s ]

[ 2018-03-26T15:40:11+08:00 ] 192.168.1.241 /Sticker_3.2/index.php/Admin/Forger/sendMail
INFO: [ app_begin ] --START--
INFO: Run Behavior\ReadHtmlCacheBehavior [ RunTime:0.000000s ]
INFO: Run Behavior\CheckLangBehavior [ RunTime:0.001001s ]
INFO: [ app_begin ] --END-- [ RunTime:0.001001s ]
SQL: SHOW COLUMNS FROM `users` [ RunTime:0.0060s ]
NOTIC: [8] Undefined index: validate F:\phpstudy\WWW\Sticker_3.2\ThinkPHP\Library\Think\Model.class.php 第 1185 行.
NOTIC: [8] Undefined index: auto F:\phpstudy\WWW\Sticker_3.2\ThinkPHP\Library\Think\Model.class.php 第 1128 行.
SQL: SELECT `userid`,`username`,`nickname`,`email` FROM `users` WHERE `username` = 'admin' LIMIT 1   [ RunTime:0.0000s ]
SQL: SHOW COLUMNS FROM `mail_verify` [ RunTime:0.0060s ]
NOTIC: [8] Undefined index: name F:\phpstudy\WWW\Sticker_3.2\Application\Admin\Controller\ForgerController.class.php 第 69 行.
SQL: SELECT `time`,`id` FROM `mail_verify` LIMIT 1   [ RunTime:0.0000s ]

[ 2018-03-26T16:00:19+08:00 ] 192.168.1.241 /Sticker_3.2/index.php/Admin/Forger/sendMail
INFO: [ app_begin ] --START--
INFO: Run Behavior\ReadHtmlCacheBehavior [ RunTime:0.000000s ]
INFO: Run Behavior\CheckLangBehavior [ RunTime:0.001000s ]
INFO: [ app_begin ] --END-- [ RunTime:0.001000s ]
SQL: SHOW COLUMNS FROM `users` [ RunTime:0.0110s ]
NOTIC: [8] Undefined index: validate F:\phpstudy\WWW\Sticker_3.2\ThinkPHP\Library\Think\Model.class.php 第 1185 行.
NOTIC: [8] Undefined index: auto F:\phpstudy\WWW\Sticker_3.2\ThinkPHP\Library\Think\Model.class.php 第 1128 行.
SQL: SELECT `userid`,`username`,`nickname`,`email` FROM `users` WHERE `username` = 'admin' LIMIT 1   [ RunTime:0.0010s ]
SQL: SHOW COLUMNS FROM `mail_verify` [ RunTime:0.0100s ]
NOTIC: [8] Undefined index: name F:\phpstudy\WWW\Sticker_3.2\Application\Admin\Controller\ForgerController.class.php 第 69 行.
SQL: SELECT `time`,`id` FROM `mail_verify` LIMIT 1   [ RunTime:0.0000s ]

[ 2018-03-26T16:01:16+08:00 ] 192.168.1.241 /Sticker_3.2/index.php/Admin/Forger/sendMail
INFO: [ app_begin ] --START--
INFO: Run Behavior\ReadHtmlCacheBehavior [ RunTime:0.001000s ]
INFO: Run Behavior\CheckLangBehavior [ RunTime:0.000000s ]
INFO: [ app_begin ] --END-- [ RunTime:0.001000s ]
SQL: SHOW COLUMNS FROM `users` [ RunTime:0.0120s ]
NOTIC: [8] Undefined index: validate F:\phpstudy\WWW\Sticker_3.2\ThinkPHP\Library\Think\Model.class.php 第 1185 行.
NOTIC: [8] Undefined index: auto F:\phpstudy\WWW\Sticker_3.2\ThinkPHP\Library\Think\Model.class.php 第 1128 行.
SQL: SELECT `userid`,`username`,`nickname`,`email` FROM `users` WHERE `username` = 'admin' LIMIT 1   [ RunTime:0.0000s ]
SQL: SHOW COLUMNS FROM `mail_verify` [ RunTime:0.0110s ]
NOTIC: [8] Undefined index: name F:\phpstudy\WWW\Sticker_3.2\Application\Admin\Controller\ForgerController.class.php 第 69 行.
SQL: SELECT `time`,`id` FROM `mail_verify` LIMIT 1   [ RunTime:0.0000s ]

[ 2018-03-26T16:01:49+08:00 ] 192.168.1.241 /Sticker_3.2/index.php/Admin/Forger/sendMail
INFO: [ app_begin ] --START--
INFO: Run Behavior\ReadHtmlCacheBehavior [ RunTime:0.000000s ]
INFO: Run Behavior\CheckLangBehavior [ RunTime:0.001000s ]
INFO: [ app_begin ] --END-- [ RunTime:0.001000s ]
SQL: SHOW COLUMNS FROM `users` [ RunTime:0.0110s ]
NOTIC: [8] Undefined index: validate F:\phpstudy\WWW\Sticker_3.2\ThinkPHP\Library\Think\Model.class.php 第 1185 行.
NOTIC: [8] Undefined index: auto F:\phpstudy\WWW\Sticker_3.2\ThinkPHP\Library\Think\Model.class.php 第 1128 行.
SQL: SELECT `userid`,`username`,`nickname`,`email` FROM `users` WHERE `username` = 'admin' LIMIT 1   [ RunTime:0.0010s ]
SQL: SHOW COLUMNS FROM `mail_verify` [ RunTime:0.0100s ]
NOTIC: [8] Undefined index: name F:\phpstudy\WWW\Sticker_3.2\Application\Admin\Controller\ForgerController.class.php 第 69 行.
SQL: SELECT `time`,`id` FROM `mail_verify` LIMIT 1   [ RunTime:0.0010s ]

[ 2018-03-26T16:02:03+08:00 ] 192.168.1.241 /Sticker_3.2/index.php/Admin/Forger/sendMail
INFO: [ app_begin ] --START--
INFO: Run Behavior\ReadHtmlCacheBehavior [ RunTime:0.000000s ]
INFO: Run Behavior\CheckLangBehavior [ RunTime:0.001000s ]
INFO: [ app_begin ] --END-- [ RunTime:0.001000s ]
SQL: SHOW COLUMNS FROM `users` [ RunTime:0.0120s ]
NOTIC: [8] Undefined index: validate F:\phpstudy\WWW\Sticker_3.2\ThinkPHP\Library\Think\Model.class.php 第 1185 行.
NOTIC: [8] Undefined index: auto F:\phpstudy\WWW\Sticker_3.2\ThinkPHP\Library\Think\Model.class.php 第 1128 行.
SQL: SELECT `userid`,`username`,`nickname`,`email` FROM `users` WHERE `username` = 'admin' LIMIT 1   [ RunTime:0.0000s ]
SQL: SHOW COLUMNS FROM `mail_verify` [ RunTime:0.0100s ]
NOTIC: [8] Undefined index: name F:\phpstudy\WWW\Sticker_3.2\Application\Admin\Controller\ForgerController.class.php 第 69 行.
SQL: SELECT `time`,`id` FROM `mail_verify` LIMIT 1   [ RunTime:0.0010s ]

[ 2018-03-26T16:04:50+08:00 ] 192.168.1.241 /Sticker_3.2/index.php/Admin/Forger/sendMail
INFO: [ app_begin ] --START--
INFO: Run Behavior\ReadHtmlCacheBehavior [ RunTime:0.000000s ]
INFO: Run Behavior\CheckLangBehavior [ RunTime:0.000000s ]
INFO: [ app_begin ] --END-- [ RunTime:0.001000s ]
SQL: SHOW COLUMNS FROM `users` [ RunTime:0.0130s ]
NOTIC: [8] Undefined index: validate F:\phpstudy\WWW\Sticker_3.2\ThinkPHP\Library\Think\Model.class.php 第 1185 行.

[ 2018-03-26T16:05:03+08:00 ] 192.168.1.241 /Sticker_3.2/index.php/Admin/Forger/sendMail
INFO: [ app_begin ] --START--
INFO: Run Behavior\ReadHtmlCacheBehavior [ RunTime:0.000000s ]
INFO: Run Behavior\CheckLangBehavior [ RunTime:0.000000s ]
INFO: [ app_begin ] --END-- [ RunTime:0.000000s ]
SQL: SHOW COLUMNS FROM `users` [ RunTime:0.0120s ]
NOTIC: [8] Undefined index: validate F:\phpstudy\WWW\Sticker_3.2\ThinkPHP\Library\Think\Model.class.php 第 1185 行.
NOTIC: [8] Undefined index: auto F:\phpstudy\WWW\Sticker_3.2\ThinkPHP\Library\Think\Model.class.php 第 1128 行.
SQL: SELECT `userid`,`username`,`nickname`,`email` FROM `users` WHERE `username` = 'admin' LIMIT 1   [ RunTime:0.0000s ]
SQL: SHOW COLUMNS FROM `mail_verify` [ RunTime:0.0130s ]
NOTIC: [8] Undefined index: name F:\phpstudy\WWW\Sticker_3.2\Application\Admin\Controller\ForgerController.class.php 第 69 行.
SQL: SELECT `time`,`id` FROM `mail_verify` LIMIT 1   [ RunTime:0.0000s ]

[ 2018-03-26T16:05:23+08:00 ] 192.168.1.241 /Sticker_3.2/index.php/Admin/Forger/sendMail
INFO: [ app_begin ] --START--
INFO: Run Behavior\ReadHtmlCacheBehavior [ RunTime:0.001000s ]
INFO: Run Behavior\CheckLangBehavior [ RunTime:0.000000s ]
INFO: [ app_begin ] --END-- [ RunTime:0.001000s ]
SQL: SHOW COLUMNS FROM `users` [ RunTime:0.0110s ]
NOTIC: [8] Undefined index: validate F:\phpstudy\WWW\Sticker_3.2\ThinkPHP\Library\Think\Model.class.php 第 1185 行.

[ 2018-03-26T16:05:38+08:00 ] 192.168.1.241 /Sticker_3.2/index.php/Admin/Forger/sendMail
INFO: [ app_begin ] --START--
INFO: Run Behavior\ReadHtmlCacheBehavior [ RunTime:0.000000s ]
INFO: Run Behavior\CheckLangBehavior [ RunTime:0.000000s ]
INFO: [ app_begin ] --END-- [ RunTime:0.002000s ]
SQL: SHOW COLUMNS FROM `users` [ RunTime:0.0120s ]
NOTIC: [8] Undefined index: validate F:\phpstudy\WWW\Sticker_3.2\ThinkPHP\Library\Think\Model.class.php 第 1185 行.

[ 2018-03-26T16:05:55+08:00 ] 192.168.1.241 /Sticker_3.2/index.php/Admin/Forger/sendMail
INFO: [ app_begin ] --START--
INFO: Run Behavior\ReadHtmlCacheBehavior [ RunTime:0.000000s ]
INFO: Run Behavior\CheckLangBehavior [ RunTime:0.001001s ]
INFO: [ app_begin ] --END-- [ RunTime:0.001001s ]
SQL: SHOW COLUMNS FROM `users` [ RunTime:0.0100s ]
NOTIC: [8] Undefined index: validate F:\phpstudy\WWW\Sticker_3.2\ThinkPHP\Library\Think\Model.class.php 第 1185 行.

[ 2018-03-26T16:06:27+08:00 ] 192.168.1.241 /Sticker_3.2/index.php/Admin/Forger/sendMail
INFO: [ app_begin ] --START--
INFO: Run Behavior\ReadHtmlCacheBehavior [ RunTime:0.001000s ]
INFO: Run Behavior\CheckLangBehavior [ RunTime:0.000000s ]
INFO: [ app_begin ] --END-- [ RunTime:0.001000s ]
SQL: SHOW COLUMNS FROM `users` [ RunTime:0.0120s ]
NOTIC: [8] Undefined index: validate F:\phpstudy\WWW\Sticker_3.2\ThinkPHP\Library\Think\Model.class.php 第 1185 行.
NOTIC: [8] Undefined index: auto F:\phpstudy\WWW\Sticker_3.2\ThinkPHP\Library\Think\Model.class.php 第 1128 行.
SQL: SELECT `userid`,`username`,`nickname`,`email` FROM `users` WHERE `username` = 'admin' LIMIT 1   [ RunTime:0.0000s ]
SQL: SHOW COLUMNS FROM `mail_verify` [ RunTime:0.0120s ]
NOTIC: [8] Undefined index: name F:\phpstudy\WWW\Sticker_3.2\Application\Admin\Controller\ForgerController.class.php 第 69 行.
SQL: SELECT `time`,`id` FROM `mail_verify` LIMIT 1   [ RunTime:0.0000s ]
SQL: INSERT INTO `mail_verify` (`username`,`email`,`verify`,`time`,`ip`,`userid`,`nickname`) VALUES ('admin','1076217644@qq.com','77b3w9N22tFDlg0Omkk8RIoursIWj+8gYWArpf1T4nOH','1522051563','192.168.1.241','13','admin') [ RunTime:0.0000s ]
NOTIC: [2] Cannot modify header information - headers already sent by (output started at F:\phpstudy\WWW\Sticker_3.2\ThinkPHP\Library\Vendor\PHPMailer\SMTP.php:257) F:\phpstudy\WWW\Sticker_3.2\ThinkPHP\Library\Think\Controller.class.php 第 215 行.

[ 2018-03-26T16:07:07+08:00 ] 192.168.1.241 /Sticker_3.2/index.php/Admin/Forger/sendMail
INFO: [ app_begin ] --START--
INFO: Run Behavior\ReadHtmlCacheBehavior [ RunTime:0.001000s ]
INFO: Run Behavior\CheckLangBehavior [ RunTime:0.000000s ]
INFO: [ app_begin ] --END-- [ RunTime:0.001000s ]
SQL: SHOW COLUMNS FROM `users` [ RunTime:0.0110s ]
NOTIC: [8] Undefined index: validate F:\phpstudy\WWW\Sticker_3.2\ThinkPHP\Library\Think\Model.class.php 第 1185 行.
NOTIC: [8] Undefined index: auto F:\phpstudy\WWW\Sticker_3.2\ThinkPHP\Library\Think\Model.class.php 第 1128 行.
SQL: SELECT `userid`,`username`,`nickname`,`email` FROM `users` WHERE `username` = 'admin' LIMIT 1   [ RunTime:0.0000s ]
SQL: SHOW COLUMNS FROM `mail_verify` [ RunTime:0.0120s ]
NOTIC: [8] Undefined index: name F:\phpstudy\WWW\Sticker_3.2\Application\Admin\Controller\ForgerController.class.php 第 69 行.
SQL: SELECT `time`,`id` FROM `mail_verify` LIMIT 1   [ RunTime:0.0000s ]
SQL: UPDATE `mail_verify` SET `username`='admin',`email`='1076217644@qq.com',`verify`='1c68kYFE8zj5QiPFKQlpJtKnP0k7s6lxA2IOtSMANiJj',`time`='1522051609',`ip`='192.168.1.241' WHERE ( 5 ) [ RunTime:0.0000s ]
NOTIC: [2] Cannot modify header information - headers already sent by (output started at F:\phpstudy\WWW\Sticker_3.2\ThinkPHP\Library\Vendor\PHPMailer\SMTP.php:257) F:\phpstudy\WWW\Sticker_3.2\ThinkPHP\Library\Think\Controller.class.php 第 215 行.

[ 2018-03-26T16:07:57+08:00 ] 192.168.1.241 /Sticker_3.2/index.php/Admin/Forger/sendMail
INFO: [ app_begin ] --START--
INFO: Run Behavior\ReadHtmlCacheBehavior [ RunTime:0.001000s ]
INFO: Run Behavior\CheckLangBehavior [ RunTime:0.000000s ]
INFO: [ app_begin ] --END-- [ RunTime:0.001000s ]
SQL: SHOW COLUMNS FROM `users` [ RunTime:0.0130s ]
NOTIC: [8] Undefined index: validate F:\phpstudy\WWW\Sticker_3.2\ThinkPHP\Library\Think\Model.class.php 第 1185 行.

[ 2018-03-26T16:08:09+08:00 ] 192.168.1.241 /Sticker_3.2/index.php/Admin/Forger/sendMail
INFO: [ app_begin ] --START--
INFO: Run Behavior\ReadHtmlCacheBehavior [ RunTime:0.001001s ]
INFO: Run Behavior\CheckLangBehavior [ RunTime:0.000000s ]
INFO: [ app_begin ] --END-- [ RunTime:0.001001s ]
SQL: SHOW COLUMNS FROM `users` [ RunTime:0.0140s ]
NOTIC: [8] Undefined index: validate F:\phpstudy\WWW\Sticker_3.2\ThinkPHP\Library\Think\Model.class.php 第 1185 行.
NOTIC: [8] Undefined index: auto F:\phpstudy\WWW\Sticker_3.2\ThinkPHP\Library\Think\Model.class.php 第 1128 行.
SQL: SELECT `userid`,`username`,`nickname`,`email` FROM `users` WHERE `username` = 'admin' LIMIT 1   [ RunTime:0.0010s ]
SQL: SHOW COLUMNS FROM `mail_verify` [ RunTime:0.0140s ]
NOTIC: [8] Undefined index: name F:\phpstudy\WWW\Sticker_3.2\Application\Admin\Controller\ForgerController.class.php 第 69 行.
SQL: SELECT `time`,`id` FROM `mail_verify` LIMIT 1   [ RunTime:0.0000s ]

[ 2018-03-26T16:08:54+08:00 ] 192.168.1.241 /Sticker_3.2/index.php/Admin/Forger/sendMail
INFO: [ app_begin ] --START--
INFO: Run Behavior\ReadHtmlCacheBehavior [ RunTime:0.000000s ]
INFO: Run Behavior\CheckLangBehavior [ RunTime:0.001001s ]
INFO: [ app_begin ] --END-- [ RunTime:0.001001s ]
SQL: SHOW COLUMNS FROM `users` [ RunTime:0.0120s ]
NOTIC: [8] Undefined index: validate F:\phpstudy\WWW\Sticker_3.2\ThinkPHP\Library\Think\Model.class.php 第 1185 行.

[ 2018-03-26T16:09:07+08:00 ] 192.168.1.241 /Sticker_3.2/index.php/Admin/Forger/sendMail
INFO: [ app_begin ] --START--
INFO: Run Behavior\ReadHtmlCacheBehavior [ RunTime:0.000000s ]
INFO: Run Behavior\CheckLangBehavior [ RunTime:0.001000s ]
INFO: [ app_begin ] --END-- [ RunTime:0.001000s ]
SQL: SHOW COLUMNS FROM `users` [ RunTime:0.0120s ]
NOTIC: [8] Undefined index: validate F:\phpstudy\WWW\Sticker_3.2\ThinkPHP\Library\Think\Model.class.php 第 1185 行.

[ 2018-03-26T16:09:15+08:00 ] 192.168.1.241 /Sticker_3.2/index.php/Admin/Forger/sendMail
INFO: [ app_begin ] --START--
INFO: Run Behavior\ReadHtmlCacheBehavior [ RunTime:0.000000s ]
INFO: Run Behavior\CheckLangBehavior [ RunTime:0.000000s ]
INFO: [ app_begin ] --END-- [ RunTime:0.000000s ]
SQL: SHOW COLUMNS FROM `users` [ RunTime:0.0110s ]
NOTIC: [8] Undefined index: validate F:\phpstudy\WWW\Sticker_3.2\ThinkPHP\Library\Think\Model.class.php 第 1185 行.

[ 2018-03-26T16:09:25+08:00 ] 192.168.1.241 /Sticker_3.2/index.php/Admin/Forger/sendMail
INFO: [ app_begin ] --START--
INFO: Run Behavior\ReadHtmlCacheBehavior [ RunTime:0.001000s ]
INFO: Run Behavior\CheckLangBehavior [ RunTime:0.000000s ]
INFO: [ app_begin ] --END-- [ RunTime:0.001000s ]
SQL: SHOW COLUMNS FROM `users` [ RunTime:0.0100s ]
NOTIC: [8] Undefined index: validate F:\phpstudy\WWW\Sticker_3.2\ThinkPHP\Library\Think\Model.class.php 第 1185 行.
NOTIC: [8] Undefined index: auto F:\phpstudy\WWW\Sticker_3.2\ThinkPHP\Library\Think\Model.class.php 第 1128 行.
SQL: SELECT `userid`,`username`,`nickname`,`email` FROM `users` WHERE `username` = 'admin' LIMIT 1   [ RunTime:0.0000s ]
SQL: SHOW COLUMNS FROM `mail_verify` [ RunTime:0.0120s ]
NOTIC: [8] Undefined index: name F:\phpstudy\WWW\Sticker_3.2\Application\Admin\Controller\ForgerController.class.php 第 69 行.
SQL: SELECT `time`,`id` FROM `mail_verify` LIMIT 1   [ RunTime:0.0000s ]

